<?xml version="1.0" encoding="UTF-8"?>
<coverage generated="1566706645938" clover="3.2.0">
  <project timestamp="1566706645938" name="All files">
    <metrics statements="90" coveredstatements="73" conditionals="11" coveredconditionals="9" methods="17" coveredmethods="11" elements="118" coveredelements="93" complexity="0" loc="90" ncloc="90" packages="3" files="5" classes="5"/>
    <package name="IRepository">
      <metrics statements="15" coveredstatements="11" conditionals="0" coveredconditionals="0" methods="6" coveredmethods="2"/>
      <file name="errors.js" path="C:\Dev\test\employee-data\IRepository\errors.js">
        <metrics statements="3" coveredstatements="3" conditionals="0" coveredconditionals="0" methods="0" coveredmethods="0"/>
        <line num="2" count="2" type="stmt"/>
        <line num="5" count="2" type="stmt"/>
        <line num="7" count="2" type="stmt"/>
      </file>
      <file name="index.js" path="C:\Dev\test\employee-data\IRepository\index.js">
        <metrics statements="12" coveredstatements="8" conditionals="0" coveredconditionals="0" methods="6" coveredmethods="2"/>
        <line num="10" count="2" type="stmt"/>
        <line num="22" count="2" type="stmt"/>
        <line num="30" count="2" type="stmt"/>
        <line num="31" count="1" type="stmt"/>
        <line num="36" count="2" type="stmt"/>
        <line num="37" count="0" type="stmt"/>
        <line num="42" count="2" type="stmt"/>
        <line num="43" count="0" type="stmt"/>
        <line num="48" count="2" type="stmt"/>
        <line num="49" count="0" type="stmt"/>
        <line num="54" count="2" type="stmt"/>
        <line num="55" count="0" type="stmt"/>
      </file>
    </package>
    <package name="constants">
      <metrics statements="1" coveredstatements="1" conditionals="0" coveredconditionals="0" methods="0" coveredmethods="0"/>
      <file name="index.js" path="C:\Dev\test\employee-data\constants\index.js">
        <metrics statements="1" coveredstatements="1" conditionals="0" coveredconditionals="0" methods="0" coveredmethods="0"/>
        <line num="3" count="2" type="stmt"/>
      </file>
    </package>
    <package name="employee">
      <metrics statements="74" coveredstatements="61" conditionals="11" coveredconditionals="9" methods="11" coveredmethods="9"/>
      <file name="errors.js" path="C:\Dev\test\employee-data\employee\errors.js">
        <metrics statements="3" coveredstatements="3" conditionals="0" coveredconditionals="0" methods="0" coveredmethods="0"/>
        <line num="2" count="1" type="stmt"/>
        <line num="5" count="1" type="stmt"/>
        <line num="7" count="1" type="stmt"/>
      </file>
      <file name="index.js" path="C:\Dev\test\employee-data\employee\index.js">
        <metrics statements="71" coveredstatements="58" conditionals="11" coveredconditionals="9" methods="11" coveredmethods="9"/>
        <line num="7" count="1" type="stmt"/>
        <line num="10" count="1" type="stmt"/>
        <line num="11" count="1" type="stmt"/>
        <line num="14" count="1" type="stmt"/>
        <line num="15" count="1" type="stmt"/>
        <line num="17" count="1" type="stmt"/>
        <line num="18" count="1" type="stmt"/>
        <line num="19" count="1" type="stmt"/>
        <line num="21" count="1" type="stmt"/>
        <line num="27" count="7" type="stmt"/>
        <line num="38" count="1" type="stmt"/>
        <line num="39" count="1" type="stmt"/>
        <line num="44" count="1" type="stmt"/>
        <line num="45" count="7" type="stmt"/>
        <line num="46" count="7" type="stmt"/>
        <line num="49" count="7" type="stmt"/>
        <line num="50" count="7" type="stmt"/>
        <line num="51" count="6" type="stmt"/>
        <line num="63" count="1" type="stmt"/>
        <line num="65" count="8" type="stmt"/>
        <line num="66" count="7" type="stmt"/>
        <line num="70" count="7" type="stmt"/>
        <line num="73" count="7" type="stmt"/>
        <line num="76" count="7" type="cond" truecount="2" falsecount="0"/>
        <line num="77" count="1" type="stmt"/>
        <line num="85" count="6" type="stmt"/>
        <line num="88" count="6" type="stmt"/>
        <line num="89" count="6" type="stmt"/>
        <line num="90" count="6" type="stmt"/>
        <line num="93" count="1" type="stmt"/>
        <line num="94" count="1" type="cond" truecount="4" falsecount="1"/>
        <line num="95" count="1" type="stmt"/>
        <line num="97" count="0" type="stmt"/>
        <line num="110" count="1" type="stmt"/>
        <line num="112" count="2" type="cond" truecount="2" falsecount="0"/>
        <line num="113" count="1" type="stmt"/>
        <line num="119" count="1" type="stmt"/>
        <line num="120" count="1" type="stmt"/>
        <line num="128" count="1" type="stmt"/>
        <line num="130" count="1" type="cond" truecount="1" falsecount="1"/>
        <line num="131" count="1" type="stmt"/>
        <line num="137" count="0" type="stmt"/>
        <line num="139" count="0" type="stmt"/>
        <line num="140" count="0" type="stmt"/>
        <line num="142" count="0" type="stmt"/>
        <line num="144" count="0" type="stmt"/>
        <line num="145" count="0" type="stmt"/>
        <line num="148" count="0" type="stmt"/>
        <line num="149" count="0" type="stmt"/>
        <line num="157" count="1" type="stmt"/>
        <line num="158" count="0" type="stmt"/>
        <line num="161" count="1" type="stmt"/>
        <line num="162" count="0" type="stmt"/>
        <line num="176" count="7" type="stmt"/>
        <line num="177" count="6" type="stmt"/>
        <line num="179" count="6" type="stmt"/>
        <line num="180" count="6" type="stmt"/>
        <line num="183" count="6" type="stmt"/>
        <line num="184" count="6" type="stmt"/>
        <line num="185" count="5" type="stmt"/>
        <line num="192" count="1" type="stmt"/>
        <line num="193" count="1" type="stmt"/>
        <line num="198" count="0" type="stmt"/>
        <line num="200" count="0" type="stmt"/>
        <line num="213" count="6" type="stmt"/>
        <line num="225" count="15" type="stmt"/>
        <line num="226" count="15" type="stmt"/>
        <line num="227" count="15" type="stmt"/>
        <line num="229" count="2" type="stmt"/>
        <line num="236" count="13" type="stmt"/>
        <line num="245" count="10" type="stmt"/>
      </file>
    </package>
  </project>
</coverage>
