{"C:\\Dev\\test\\employee-data\\IRepository\\errors.js": {"path":"C:\\Dev\\test\\employee-data\\IRepository\\errors.js","statementMap":{"0":{"start":{"line":2,"column":22},"end":{"line":2,"column":30}},"1":{"start":{"line":5,"column":4},"end":{"line":5,"column":27}},"2":{"start":{"line":7,"column":0},"end":{"line":12,"column":3}}},"fnMap":{},"branchMap":{},"s":{"0":2,"1":2,"2":2},"f":{},"b":{},"_coverageSchema":"43e27e138ebf9cfc5966b082cf9a028302ed4184","hash":"f3afe6de5c2700a9a77704449b9e25842fce82ab"}
,"C:\\Dev\\test\\employee-data\\IRepository\\index.js": {"path":"C:\\Dev\\test\\employee-data\\IRepository\\index.js","statementMap":{"0":{"start":{"line":10,"column":0},"end":{"line":10,"column":29}},"1":{"start":{"line":22,"column":15},"end":{"line":22,"column":34}},"2":{"start":{"line":30,"column":0},"end":{"line":34,"column":1}},"3":{"start":{"line":31,"column":1},"end":{"line":33,"column":4}},"4":{"start":{"line":36,"column":0},"end":{"line":40,"column":1}},"5":{"start":{"line":37,"column":1},"end":{"line":39,"column":4}},"6":{"start":{"line":42,"column":0},"end":{"line":46,"column":1}},"7":{"start":{"line":43,"column":1},"end":{"line":45,"column":4}},"8":{"start":{"line":48,"column":0},"end":{"line":52,"column":1}},"9":{"start":{"line":49,"column":1},"end":{"line":51,"column":4}},"10":{"start":{"line":54,"column":0},"end":{"line":58,"column":1}},"11":{"start":{"line":55,"column":1},"end":{"line":57,"column":4}}},"fnMap":{"0":{"name":"IRepository","decl":{"start":{"line":18,"column":9},"end":{"line":18,"column":20}},"loc":{"start":{"line":18,"column":23},"end":{"line":20,"column":1}},"line":18},"1":{"name":"(anonymous_1)","decl":{"start":{"line":30,"column":31},"end":{"line":30,"column":32}},"loc":{"start":{"line":30,"column":52},"end":{"line":34,"column":1}},"line":30},"2":{"name":"(anonymous_2)","decl":{"start":{"line":36,"column":29},"end":{"line":36,"column":30}},"loc":{"start":{"line":36,"column":46},"end":{"line":40,"column":1}},"line":36},"3":{"name":"(anonymous_3)","decl":{"start":{"line":42,"column":31},"end":{"line":42,"column":32}},"loc":{"start":{"line":42,"column":48},"end":{"line":46,"column":1}},"line":42},"4":{"name":"(anonymous_4)","decl":{"start":{"line":48,"column":31},"end":{"line":48,"column":32}},"loc":{"start":{"line":48,"column":48},"end":{"line":52,"column":1}},"line":48},"5":{"name":"(anonymous_5)","decl":{"start":{"line":54,"column":29},"end":{"line":54,"column":30}},"loc":{"start":{"line":54,"column":46},"end":{"line":58,"column":1}},"line":54}},"branchMap":{},"s":{"0":2,"1":2,"2":2,"3":1,"4":2,"5":0,"6":2,"7":0,"8":2,"9":0,"10":2,"11":0},"f":{"0":8,"1":1,"2":0,"3":0,"4":0,"5":0},"b":{},"_coverageSchema":"43e27e138ebf9cfc5966b082cf9a028302ed4184","hash":"de10bf5935f9c3f691ca4e0edf843e30f2c3a854"}
,"C:\\Dev\\test\\employee-data\\constants\\index.js": {"path":"C:\\Dev\\test\\employee-data\\constants\\index.js","statementMap":{"0":{"start":{"line":3,"column":0},"end":{"line":14,"column":3}}},"fnMap":{},"branchMap":{},"s":{"0":2},"f":{},"b":{},"_coverageSchema":"43e27e138ebf9cfc5966b082cf9a028302ed4184","hash":"382017bb7982555762664cc259d56712f9572ddd"}
,"C:\\Dev\\test\\employee-data\\employee\\errors.js": {"path":"C:\\Dev\\test\\employee-data\\employee\\errors.js","statementMap":{"0":{"start":{"line":2,"column":22},"end":{"line":2,"column":27}},"1":{"start":{"line":5,"column":4},"end":{"line":5,"column":27}},"2":{"start":{"line":7,"column":0},"end":{"line":32,"column":3}}},"fnMap":{},"branchMap":{},"s":{"0":1,"1":1,"2":1},"f":{},"b":{},"_coverageSchema":"43e27e138ebf9cfc5966b082cf9a028302ed4184","hash":"57e44f8d7f473d504034229cc1df4100438d0e34"}
,"C:\\Dev\\test\\employee-data\\employee\\index.js": {"path":"C:\\Dev\\test\\employee-data\\employee\\index.js","statementMap":{"0":{"start":{"line":7,"column":11},"end":{"line":7,"column":30}},"1":{"start":{"line":10,"column":17},"end":{"line":10,"column":43}},"2":{"start":{"line":11,"column":15},"end":{"line":11,"column":34}},"3":{"start":{"line":14,"column":4},"end":{"line":14,"column":27}},"4":{"start":{"line":15,"column":20},"end":{"line":15,"column":45}},"5":{"start":{"line":17,"column":23},"end":{"line":17,"column":25}},"6":{"start":{"line":18,"column":26},"end":{"line":18,"column":28}},"7":{"start":{"line":19,"column":30},"end":{"line":19,"column":32}},"8":{"start":{"line":21,"column":0},"end":{"line":21,"column":33}},"9":{"start":{"line":27,"column":1},"end":{"line":27,"column":24}},"10":{"start":{"line":38,"column":0},"end":{"line":38,"column":65}},"11":{"start":{"line":39,"column":0},"end":{"line":39,"column":56}},"12":{"start":{"line":44,"column":0},"end":{"line":52,"column":1}},"13":{"start":{"line":45,"column":1},"end":{"line":45,"column":43}},"14":{"start":{"line":46,"column":1},"end":{"line":46,"column":49}},"15":{"start":{"line":49,"column":1},"end":{"line":49,"column":57}},"16":{"start":{"line":50,"column":1},"end":{"line":50,"column":51}},"17":{"start":{"line":51,"column":1},"end":{"line":51,"column":51}},"18":{"start":{"line":63,"column":0},"end":{"line":103,"column":1}},"19":{"start":{"line":65,"column":15},"end":{"line":65,"column":54}},"20":{"start":{"line":66,"column":1},"end":{"line":102,"column":2}},"21":{"start":{"line":70,"column":6},"end":{"line":70,"column":41}},"22":{"start":{"line":73,"column":2},"end":{"line":73,"column":36}},"23":{"start":{"line":76,"column":2},"end":{"line":82,"column":3}},"24":{"start":{"line":77,"column":3},"end":{"line":81,"column":6}},"25":{"start":{"line":85,"column":2},"end":{"line":85,"column":77}},"26":{"start":{"line":88,"column":2},"end":{"line":88,"column":61}},"27":{"start":{"line":89,"column":2},"end":{"line":89,"column":18}},"28":{"start":{"line":90,"column":2},"end":{"line":90,"column":21}},"29":{"start":{"line":93,"column":2},"end":{"line":93,"column":18}},"30":{"start":{"line":94,"column":2},"end":{"line":96,"column":3}},"31":{"start":{"line":95,"column":3},"end":{"line":95,"column":15}},"32":{"start":{"line":97,"column":2},"end":{"line":101,"column":5}},"33":{"start":{"line":110,"column":0},"end":{"line":121,"column":1}},"34":{"start":{"line":112,"column":1},"end":{"line":118,"column":2}},"35":{"start":{"line":113,"column":2},"end":{"line":117,"column":5}},"36":{"start":{"line":119,"column":14},"end":{"line":119,"column":57}},"37":{"start":{"line":120,"column":1},"end":{"line":120,"column":30}},"38":{"start":{"line":128,"column":0},"end":{"line":155,"column":1}},"39":{"start":{"line":130,"column":1},"end":{"line":136,"column":2}},"40":{"start":{"line":131,"column":2},"end":{"line":135,"column":5}},"41":{"start":{"line":137,"column":14},"end":{"line":137,"column":58}},"42":{"start":{"line":139,"column":15},"end":{"line":139,"column":42}},"43":{"start":{"line":140,"column":1},"end":{"line":154,"column":2}},"44":{"start":{"line":142,"column":2},"end":{"line":142,"column":77}},"45":{"start":{"line":144,"column":2},"end":{"line":144,"column":18}},"46":{"start":{"line":145,"column":2},"end":{"line":145,"column":14}},"47":{"start":{"line":148,"column":2},"end":{"line":148,"column":18}},"48":{"start":{"line":149,"column":2},"end":{"line":153,"column":5}},"49":{"start":{"line":157,"column":0},"end":{"line":159,"column":1}},"50":{"start":{"line":158,"column":1},"end":{"line":158,"column":13}},"51":{"start":{"line":161,"column":0},"end":{"line":163,"column":1}},"52":{"start":{"line":162,"column":1},"end":{"line":162,"column":13}},"53":{"start":{"line":176,"column":15},"end":{"line":176,"column":67}},"54":{"start":{"line":177,"column":1},"end":{"line":205,"column":2}},"55":{"start":{"line":179,"column":2},"end":{"line":179,"column":26}},"56":{"start":{"line":180,"column":11},"end":{"line":182,"column":3}},"57":{"start":{"line":183,"column":2},"end":{"line":194,"column":3}},"58":{"start":{"line":184,"column":3},"end":{"line":184,"column":25}},"59":{"start":{"line":185,"column":3},"end":{"line":185,"column":20}},"60":{"start":{"line":192,"column":3},"end":{"line":192,"column":30}},"61":{"start":{"line":193,"column":3},"end":{"line":193,"column":20}},"62":{"start":{"line":198,"column":2},"end":{"line":198,"column":18}},"63":{"start":{"line":200,"column":2},"end":{"line":204,"column":5}},"64":{"start":{"line":213,"column":1},"end":{"line":213,"column":26}},"65":{"start":{"line":225,"column":15},"end":{"line":225,"column":19}},"66":{"start":{"line":226,"column":1},"end":{"line":235,"column":2}},"67":{"start":{"line":227,"column":2},"end":{"line":227,"column":47}},"68":{"start":{"line":229,"column":2},"end":{"line":234,"column":5}},"69":{"start":{"line":236,"column":1},"end":{"line":236,"column":16}},"70":{"start":{"line":245,"column":1},"end":{"line":245,"column":72}}},"fnMap":{"0":{"name":"EmployeeService","decl":{"start":{"line":26,"column":9},"end":{"line":26,"column":24}},"loc":{"start":{"line":26,"column":27},"end":{"line":28,"column":1}},"line":26},"1":{"name":"(anonymous_1)","decl":{"start":{"line":44,"column":33},"end":{"line":44,"column":34}},"loc":{"start":{"line":44,"column":56},"end":{"line":52,"column":1}},"line":44},"2":{"name":"(anonymous_2)","decl":{"start":{"line":63,"column":35},"end":{"line":63,"column":36}},"loc":{"start":{"line":63,"column":60},"end":{"line":103,"column":1}},"line":63},"3":{"name":"(anonymous_3)","decl":{"start":{"line":110,"column":33},"end":{"line":110,"column":34}},"loc":{"start":{"line":110,"column":54},"end":{"line":121,"column":1}},"line":110},"4":{"name":"(anonymous_4)","decl":{"start":{"line":128,"column":35},"end":{"line":128,"column":36}},"loc":{"start":{"line":128,"column":60},"end":{"line":155,"column":1}},"line":128},"5":{"name":"(anonymous_5)","decl":{"start":{"line":157,"column":35},"end":{"line":157,"column":36}},"loc":{"start":{"line":157,"column":46},"end":{"line":159,"column":1}},"line":157},"6":{"name":"(anonymous_6)","decl":{"start":{"line":161,"column":33},"end":{"line":161,"column":34}},"loc":{"start":{"line":161,"column":44},"end":{"line":163,"column":1}},"line":161},"7":{"name":"initEmployeeIdsFile","decl":{"start":{"line":174,"column":15},"end":{"line":174,"column":34}},"loc":{"start":{"line":174,"column":41},"end":{"line":206,"column":1}},"line":174},"8":{"name":"initEmployeeDataFolder","decl":{"start":{"line":212,"column":9},"end":{"line":212,"column":31}},"loc":{"start":{"line":212,"column":40},"end":{"line":214,"column":1}},"line":212},"9":{"name":"acquireFileLock","decl":{"start":{"line":223,"column":15},"end":{"line":223,"column":30}},"loc":{"start":{"line":223,"column":46},"end":{"line":237,"column":1}},"line":223},"10":{"name":"employeeExists","decl":{"start":{"line":244,"column":9},"end":{"line":244,"column":23}},"loc":{"start":{"line":244,"column":34},"end":{"line":246,"column":1}},"line":244}},"branchMap":{"0":{"loc":{"start":{"line":76,"column":2},"end":{"line":82,"column":3}},"type":"if","locations":[{"start":{"line":76,"column":2},"end":{"line":82,"column":3}},{"start":{"line":76,"column":2},"end":{"line":82,"column":3}}],"line":76},"1":{"loc":{"start":{"line":94,"column":2},"end":{"line":96,"column":3}},"type":"if","locations":[{"start":{"line":94,"column":2},"end":{"line":96,"column":3}},{"start":{"line":94,"column":2},"end":{"line":96,"column":3}}],"line":94},"2":{"loc":{"start":{"line":94,"column":6},"end":{"line":94,"column":79}},"type":"binary-expr","locations":[{"start":{"line":94,"column":6},"end":{"line":94,"column":11}},{"start":{"line":94,"column":15},"end":{"line":94,"column":25}},{"start":{"line":94,"column":29},"end":{"line":94,"column":79}}],"line":94},"3":{"loc":{"start":{"line":112,"column":1},"end":{"line":118,"column":2}},"type":"if","locations":[{"start":{"line":112,"column":1},"end":{"line":118,"column":2}},{"start":{"line":112,"column":1},"end":{"line":118,"column":2}}],"line":112},"4":{"loc":{"start":{"line":130,"column":1},"end":{"line":136,"column":2}},"type":"if","locations":[{"start":{"line":130,"column":1},"end":{"line":136,"column":2}},{"start":{"line":130,"column":1},"end":{"line":136,"column":2}}],"line":130}},"s":{"0":1,"1":1,"2":1,"3":1,"4":1,"5":1,"6":1,"7":1,"8":1,"9":7,"10":1,"11":1,"12":1,"13":7,"14":7,"15":7,"16":7,"17":6,"18":1,"19":8,"20":7,"21":7,"22":7,"23":7,"24":1,"25":6,"26":6,"27":6,"28":6,"29":1,"30":1,"31":1,"32":0,"33":1,"34":2,"35":1,"36":1,"37":1,"38":1,"39":1,"40":1,"41":0,"42":0,"43":0,"44":0,"45":0,"46":0,"47":0,"48":0,"49":1,"50":0,"51":1,"52":0,"53":7,"54":6,"55":6,"56":6,"57":6,"58":6,"59":5,"60":1,"61":1,"62":0,"63":0,"64":6,"65":15,"66":15,"67":15,"68":2,"69":13,"70":10},"f":{"0":7,"1":7,"2":8,"3":2,"4":1,"5":0,"6":0,"7":7,"8":6,"9":15,"10":10},"b":{"0":[1,6],"1":[1,0],"2":[1,1,1],"3":[1,1],"4":[1,0]},"_coverageSchema":"43e27e138ebf9cfc5966b082cf9a028302ed4184","hash":"a26ae83cb9f48987755f72c79991282830c528ac"}
}
