TN:
SF:C:\Dev\test\employee-data\IRepository\errors.js
FNF:0
FNH:0
DA:2,2
DA:5,2
DA:7,2
LF:3
LH:3
BRF:0
BRH:0
end_of_record
TN:
SF:C:\Dev\test\employee-data\IRepository\index.js
FN:18,IRepository
FN:30,(anonymous_1)
FN:36,(anonymous_2)
FN:42,(anonymous_3)
FN:48,(anonymous_4)
FN:54,(anonymous_5)
FNF:6
FNH:2
FNDA:8,IRepository
FNDA:1,(anonymous_1)
FNDA:0,(anonymous_2)
FNDA:0,(anonymous_3)
FNDA:0,(anonymous_4)
FNDA:0,(anonymous_5)
DA:10,2
DA:22,2
DA:30,2
DA:31,1
DA:36,2
DA:37,0
DA:42,2
DA:43,0
DA:48,2
DA:49,0
DA:54,2
DA:55,0
LF:12
LH:8
BRF:0
BRH:0
end_of_record
TN:
SF:C:\Dev\test\employee-data\constants\index.js
FNF:0
FNH:0
DA:3,2
LF:1
LH:1
BRF:0
BRH:0
end_of_record
TN:
SF:C:\Dev\test\employee-data\employee\errors.js
FNF:0
FNH:0
DA:2,1
DA:5,1
DA:7,1
LF:3
LH:3
BRF:0
BRH:0
end_of_record
TN:
SF:C:\Dev\test\employee-data\employee\index.js
FN:26,EmployeeService
FN:44,(anonymous_1)
FN:63,(anonymous_2)
FN:110,(anonymous_3)
FN:128,(anonymous_4)
FN:157,(anonymous_5)
FN:161,(anonymous_6)
FN:174,initEmployeeIdsFile
FN:212,initEmployeeDataFolder
FN:223,acquireFileLock
FN:244,employeeExists
FNF:11
FNH:9
FNDA:7,EmployeeService
FNDA:7,(anonymous_1)
FNDA:8,(anonymous_2)
FNDA:2,(anonymous_3)
FNDA:1,(anonymous_4)
FNDA:0,(anonymous_5)
FNDA:0,(anonymous_6)
FNDA:7,initEmployeeIdsFile
FNDA:6,initEmployeeDataFolder
FNDA:15,acquireFileLock
FNDA:10,employeeExists
DA:7,1
DA:10,1
DA:11,1
DA:14,1
DA:15,1
DA:17,1
DA:18,1
DA:19,1
DA:21,1
DA:27,7
DA:38,1
DA:39,1
DA:44,1
DA:45,7
DA:46,7
DA:49,7
DA:50,7
DA:51,6
DA:63,1
DA:65,8
DA:66,7
DA:70,7
DA:73,7
DA:76,7
DA:77,1
DA:85,6
DA:88,6
DA:89,6
DA:90,6
DA:93,1
DA:94,1
DA:95,1
DA:97,0
DA:110,1
DA:112,2
DA:113,1
DA:119,1
DA:120,1
DA:128,1
DA:130,1
DA:131,1
DA:137,0
DA:139,0
DA:140,0
DA:142,0
DA:144,0
DA:145,0
DA:148,0
DA:149,0
DA:157,1
DA:158,0
DA:161,1
DA:162,0
DA:176,7
DA:177,6
DA:179,6
DA:180,6
DA:183,6
DA:184,6
DA:185,5
DA:192,1
DA:193,1
DA:198,0
DA:200,0
DA:213,6
DA:225,15
DA:226,15
DA:227,15
DA:229,2
DA:236,13
DA:245,10
LF:71
LH:58
BRDA:76,0,0,1
BRDA:76,0,1,6
BRDA:94,1,0,1
BRDA:94,1,1,0
BRDA:94,2,0,1
BRDA:94,2,1,1
BRDA:94,2,2,1
BRDA:112,3,0,1
BRDA:112,3,1,1
BRDA:130,4,0,1
BRDA:130,4,1,0
BRF:11
BRH:9
end_of_record
